<?xml version="1.0" encoding="UTF-8"?>
<testsuite name="org.example.BookTest" tests="1" skipped="0" failures="0" errors="0" timestamp="2024-12-19T13:07:49" hostname="DESKTOP-6NA3LFG" time="0.039">
  <properties/>
  <testcase name="testBookConstructor()" classname="org.example.BookTest" time="0.039"/>
  <system-out><![CDATA[]]></system-out>
  <system-err><![CDATA[]]></system-err>
</testsuite>
